2018-05-30 17:23:36.771 INFO  com.jf.mydemo.mySolrDemo.solrUtil.SolrIndexUtils 39 addIndexs -- Start adding solr index for Product{id='76d4c745-cf47-45a8-94a3-4e63b4471a5b', name='test0', keywords='just test-716aa76695cf4878b4e400a08b554f19', description='null', sn='sn-333'}
2018-05-30 17:23:36.781 INFO  com.jf.mydemo.mySolrDemo.solrUtil.SolrIndexUtils 39 addIndexs -- Start adding solr index for Product{id='ab10a6f0-950c-4e89-a254-b8dce3c7836c', name='test1', keywords='just test-89d5458d35034550aecdedd3b8e79ca3', description='null', sn='sn-333'}
2018-05-30 17:23:36.782 INFO  com.jf.mydemo.mySolrDemo.solrUtil.SolrIndexUtils 39 addIndexs -- Start adding solr index for Product{id='617f9469-5082-4b60-8660-3c34dca0f48c', name='test2', keywords='just test-ee44f6bfc2994edebca0efcf0dd0bd99', description='null', sn='sn-333'}
2018-05-30 17:23:36.782 INFO  com.jf.mydemo.mySolrDemo.solrUtil.SolrIndexUtils 39 addIndexs -- Start adding solr index for Product{id='fdc7d8a0-1a73-47ac-99f2-bae99edfcfb2', name='test3', keywords='just test-39eb822a99e3475da6a6ca2025b74b00', description='null', sn='sn-333'}
2018-05-30 17:23:36.782 INFO  com.jf.mydemo.mySolrDemo.solrUtil.SolrIndexUtils 39 addIndexs -- Start adding solr index for Product{id='76edab91-8956-47a6-910a-285749240552', name='test4', keywords='just test-c4e01d50fa0e426483428c8ec8953ef0', description='null', sn='sn-333'}
2018-05-30 17:23:36.783 INFO  com.jf.mydemo.mySolrDemo.solrUtil.SolrIndexUtils 39 addIndexs -- Start adding solr index for Product{id='7230f016-af66-4671-919a-238a7785b317', name='test5', keywords='just test-291ccf2a35c34934b83289b8235b7dbe', description='null', sn='sn-333'}
2018-05-30 17:23:36.783 INFO  com.jf.mydemo.mySolrDemo.solrUtil.SolrIndexUtils 39 addIndexs -- Start adding solr index for Product{id='5ed0cad9-da9a-43e6-9e64-7caba247e900', name='test6', keywords='just test-15f4009b7a1042a29de77c9cc00a1e95', description='null', sn='sn-333'}
2018-05-30 17:23:36.784 INFO  com.jf.mydemo.mySolrDemo.solrUtil.SolrIndexUtils 39 addIndexs -- Start adding solr index for Product{id='608661a3-5f48-470b-86cb-2c60eca25b50', name='test7', keywords='just test-e3d5aca1af834095ab963a08f0b7add8', description='null', sn='sn-333'}
2018-05-30 17:23:36.784 INFO  com.jf.mydemo.mySolrDemo.solrUtil.SolrIndexUtils 39 addIndexs -- Start adding solr index for Product{id='94aca653-b01d-4c3e-b577-0c3d94c831d9', name='test8', keywords='just test-b11d05d970854ea3b005f4e441f14299', description='null', sn='sn-333'}
2018-05-30 17:23:36.784 INFO  com.jf.mydemo.mySolrDemo.solrUtil.SolrIndexUtils 39 addIndexs -- Start adding solr index for Product{id='b63cfb9f-fd5a-43d0-9c98-f8e5f45c9820', name='test9', keywords='just test-dcc3e55ee6f84c178195bc8053740618', description='null', sn='sn-333'}
2018-05-30 17:23:36.785 INFO  com.jf.mydemo.mySolrDemo.solrUtil.SolrIndexUtils 39 addIndexs -- Start adding solr index for Product{id='525cc4d6-86a8-496f-b6c8-b50f41190364', name='test10', keywords='just test-605102fec8574367ac554e52562a1b51', description='null', sn='sn-333'}
2018-05-30 17:23:36.785 INFO  com.jf.mydemo.mySolrDemo.solrUtil.SolrIndexUtils 39 addIndexs -- Start adding solr index for Product{id='dc80a845-d30b-4adc-be54-e87a633b9adb', name='test11', keywords='just test-5693500a775c4ec9a6b1394718292330', description='null', sn='sn-333'}
2018-05-30 17:23:36.786 INFO  com.jf.mydemo.mySolrDemo.solrUtil.SolrIndexUtils 39 addIndexs -- Start adding solr index for Product{id='311e76e5-167b-4526-9938-56226a4d2367', name='test12', keywords='just test-c2e9fbdacf3e4439b1a75d5b9dbc8598', description='null', sn='sn-333'}
2018-05-30 17:23:36.786 INFO  com.jf.mydemo.mySolrDemo.solrUtil.SolrIndexUtils 39 addIndexs -- Start adding solr index for Product{id='61db47ee-476d-4a1a-a51a-76fec2ab036f', name='test13', keywords='just test-f891e8b618ed4bf1ac52ca7158073753', description='null', sn='sn-333'}
2018-05-30 17:23:36.786 INFO  com.jf.mydemo.mySolrDemo.solrUtil.SolrIndexUtils 39 addIndexs -- Start adding solr index for Product{id='fa9d7c4d-5ac1-4e0c-a838-2f470f517f9f', name='test14', keywords='just test-d1025514976245dfa82744d0be1717ca', description='null', sn='sn-333'}
2018-05-30 17:23:36.799 INFO  com.jf.mydemo.mySolrDemo.solrUtil.SolrIndexUtils 39 addIndexs -- Start adding solr index for Product{id='c815b834-8d78-4db7-8f3c-43e5e2559d92', name='test15', keywords='just test-682cf914f43c49c792e57e0194ad526b', description='null', sn='sn-333'}
2018-05-30 17:23:36.799 INFO  com.jf.mydemo.mySolrDemo.solrUtil.SolrIndexUtils 39 addIndexs -- Start adding solr index for Product{id='dd3d59aa-dbf2-4b66-9bf1-fd7650fdb877', name='test16', keywords='just test-3786ee8a5f9949d6b4e93ea913494cba', description='null', sn='sn-333'}
2018-05-30 17:23:36.800 INFO  com.jf.mydemo.mySolrDemo.solrUtil.SolrIndexUtils 39 addIndexs -- Start adding solr index for Product{id='52b4e21e-dfc4-4278-bf87-1f1ebd5f138c', name='test17', keywords='just test-d5d1f01444c64cc787f708a26d344573', description='null', sn='sn-333'}
2018-05-30 17:23:36.800 INFO  com.jf.mydemo.mySolrDemo.solrUtil.SolrIndexUtils 39 addIndexs -- Start adding solr index for Product{id='a173e5a6-8d72-48a9-b461-77e505931fad', name='test18', keywords='just test-91a0e37cc6cb4d38ac644ac8f9a4039e', description='null', sn='sn-333'}
2018-05-30 17:23:36.800 INFO  com.jf.mydemo.mySolrDemo.solrUtil.SolrIndexUtils 39 addIndexs -- Start adding solr index for Product{id='d053ab6f-4fdf-4184-b513-432003fefe3f', name='test19', keywords='just test-e562fa8cc6264460ad86db0da7feea1a', description='null', sn='sn-333'}
2018-05-30 17:23:36.801 INFO  com.jf.mydemo.mySolrDemo.solrUtil.SolrIndexUtils 39 addIndexs -- Start adding solr index for Product{id='d0b05891-3e2e-4757-84be-df184d0855bd', name='test20', keywords='just test-ee2a7ef3b9f949ff9c1b75cc24335a97', description='null', sn='sn-333'}
2018-05-30 17:23:36.801 INFO  com.jf.mydemo.mySolrDemo.solrUtil.SolrIndexUtils 39 addIndexs -- Start adding solr index for Product{id='4f96a526-dd8c-4b7f-937e-06ba11c113df', name='test21', keywords='just test-d74018716d3a4ae5ab9c05b623ef28e8', description='null', sn='sn-333'}
2018-05-30 17:23:36.802 INFO  com.jf.mydemo.mySolrDemo.solrUtil.SolrIndexUtils 39 addIndexs -- Start adding solr index for Product{id='c4bb4177-f35d-446a-af76-ab3879d1fc09', name='test22', keywords='just test-2e0b7fb68de54dbbbb2e0c046a030f1b', description='null', sn='sn-333'}
2018-05-30 17:23:36.802 INFO  com.jf.mydemo.mySolrDemo.solrUtil.SolrIndexUtils 39 addIndexs -- Start adding solr index for Product{id='65b7b1a9-eaca-4361-bdbd-bd9897b2a91c', name='test23', keywords='just test-74882d33a9754244980e4a78756c3995', description='null', sn='sn-333'}
2018-05-30 17:23:36.802 INFO  com.jf.mydemo.mySolrDemo.solrUtil.SolrIndexUtils 39 addIndexs -- Start adding solr index for Product{id='57366d35-411b-4cfb-9238-603ae91bb860', name='test24', keywords='just test-08f9a09ec02a4fc4bf39d9bb24b409cf', description='null', sn='sn-333'}
2018-05-30 17:23:36.802 INFO  com.jf.mydemo.mySolrDemo.solrUtil.SolrIndexUtils 39 addIndexs -- Start adding solr index for Product{id='4f18a30c-1e1c-431e-af24-20451e3f7463', name='test25', keywords='just test-f6ba6342c89643f1afd0bd61af6cf296', description='null', sn='sn-333'}
2018-05-30 17:23:36.803 INFO  com.jf.mydemo.mySolrDemo.solrUtil.SolrIndexUtils 39 addIndexs -- Start adding solr index for Product{id='9b1400d5-4a2e-4e97-81fa-43eefaf6e5ca', name='test26', keywords='just test-818afd2a7a1a4d8b9e7090574c288f10', description='null', sn='sn-333'}
2018-05-30 17:23:36.803 INFO  com.jf.mydemo.mySolrDemo.solrUtil.SolrIndexUtils 39 addIndexs -- Start adding solr index for Product{id='abc9ce42-466f-42bc-83ae-abf76207bdc1', name='test27', keywords='just test-2b5489e5307745b3a2d5d86c60b08e38', description='null', sn='sn-333'}
2018-05-30 17:23:36.803 INFO  com.jf.mydemo.mySolrDemo.solrUtil.SolrIndexUtils 39 addIndexs -- Start adding solr index for Product{id='56f9727e-411e-4ad9-85d4-2fec4803f1e6', name='test28', keywords='just test-d704c8b8f68443b987672f6003418260', description='null', sn='sn-333'}
2018-05-30 17:23:36.804 INFO  com.jf.mydemo.mySolrDemo.solrUtil.SolrIndexUtils 39 addIndexs -- Start adding solr index for Product{id='7c954df0-0103-4476-92a0-8ba243681b8a', name='test29', keywords='just test-1d812324597f41098951f2c340b434ad', description='null', sn='sn-333'}
2018-05-30 17:23:36.804 INFO  com.jf.mydemo.mySolrDemo.solrUtil.SolrIndexUtils 39 addIndexs -- Start adding solr index for Product{id='1da682df-577b-4457-b786-56909b949767', name='test30', keywords='just test-d562684d9cfa4b1c81ac31ea7fb79854', description='null', sn='sn-333'}
2018-05-30 17:23:36.804 INFO  com.jf.mydemo.mySolrDemo.solrUtil.SolrIndexUtils 39 addIndexs -- Start adding solr index for Product{id='922cc8b1-74ee-4692-a104-9eebf583efc7', name='test31', keywords='just test-0ceeda15f24d45ebb5188354f947fd23', description='null', sn='sn-333'}
2018-05-30 17:23:36.804 INFO  com.jf.mydemo.mySolrDemo.solrUtil.SolrIndexUtils 39 addIndexs -- Start adding solr index for Product{id='7dbf2f56-9740-489e-833f-05fb943e2e1b', name='test32', keywords='just test-f7bad01af10249768d4f3db93e8f91ce', description='null', sn='sn-333'}
2018-05-30 17:23:36.805 INFO  com.jf.mydemo.mySolrDemo.solrUtil.SolrIndexUtils 39 addIndexs -- Start adding solr index for Product{id='0b69f9b9-e30e-4a6c-9086-148daeeb09cd', name='test33', keywords='just test-7b3b3cf5fc2d4efa97b74d9a90017776', description='null', sn='sn-333'}
2018-05-30 17:23:36.805 INFO  com.jf.mydemo.mySolrDemo.solrUtil.SolrIndexUtils 39 addIndexs -- Start adding solr index for Product{id='897b6b52-4088-49ed-b83c-fefe3cd84471', name='test34', keywords='just test-4002a3969d28425ab060da2a33804698', description='null', sn='sn-333'}
2018-05-30 17:23:36.805 INFO  com.jf.mydemo.mySolrDemo.solrUtil.SolrIndexUtils 39 addIndexs -- Start adding solr index for Product{id='263f4efd-c974-4619-88ed-55bea248f95f', name='test35', keywords='just test-3cff6503c81e4619be698382f0e51cee', description='null', sn='sn-333'}
2018-05-30 17:23:36.805 INFO  com.jf.mydemo.mySolrDemo.solrUtil.SolrIndexUtils 39 addIndexs -- Start adding solr index for Product{id='3c8443be-ef3b-42f0-a9cd-384825b33ff1', name='test36', keywords='just test-4881996024584a19929936f62545ca3a', description='null', sn='sn-333'}
2018-05-30 17:23:36.806 INFO  com.jf.mydemo.mySolrDemo.solrUtil.SolrIndexUtils 39 addIndexs -- Start adding solr index for Product{id='fa6de8cc-19f1-4103-bb2e-ed1c153e5c30', name='test37', keywords='just test-423e15cafb034a26a66062e3a5f37adb', description='null', sn='sn-333'}
2018-05-30 17:23:36.806 INFO  com.jf.mydemo.mySolrDemo.solrUtil.SolrIndexUtils 39 addIndexs -- Start adding solr index for Product{id='3e0e244a-3b18-44df-ae27-e6de24199b29', name='test38', keywords='just test-7c3dfaec29b44046b8d3b1e8e0230077', description='null', sn='sn-333'}
2018-05-30 17:23:36.806 INFO  com.jf.mydemo.mySolrDemo.solrUtil.SolrIndexUtils 39 addIndexs -- Start adding solr index for Product{id='bc569f32-79f5-4b7e-a438-5af0be57c508', name='test39', keywords='just test-a3ce57edb86d4208a749b7670c106d61', description='null', sn='sn-333'}
2018-05-30 17:23:36.806 INFO  com.jf.mydemo.mySolrDemo.solrUtil.SolrIndexUtils 39 addIndexs -- Start adding solr index for Product{id='efd3396c-b9ee-452d-8a14-64d7058fdce9', name='test40', keywords='just test-1702a4af7fd0495cab8ec697584d0ed7', description='null', sn='sn-333'}
2018-05-30 17:23:36.807 INFO  com.jf.mydemo.mySolrDemo.solrUtil.SolrIndexUtils 39 addIndexs -- Start adding solr index for Product{id='4188f91d-98ea-4d12-ade2-3205037165fd', name='test41', keywords='just test-f16ef01b795d41f482d8cb8aa6e3e9d9', description='null', sn='sn-333'}
2018-05-30 17:23:36.807 INFO  com.jf.mydemo.mySolrDemo.solrUtil.SolrIndexUtils 39 addIndexs -- Start adding solr index for Product{id='7c64fac3-7d5f-4a9f-befa-78a795dc9463', name='test42', keywords='just test-283eadf5bf634ac48aa8e9ccd5ce40ba', description='null', sn='sn-333'}
2018-05-30 17:23:36.807 INFO  com.jf.mydemo.mySolrDemo.solrUtil.SolrIndexUtils 39 addIndexs -- Start adding solr index for Product{id='0fa26a99-8996-4d04-a97b-9b95476dbce5', name='test43', keywords='just test-fdb08526a3e240afb1e49af3259560e1', description='null', sn='sn-333'}
2018-05-30 17:23:36.807 INFO  com.jf.mydemo.mySolrDemo.solrUtil.SolrIndexUtils 39 addIndexs -- Start adding solr index for Product{id='ade938a3-f60b-4c07-89f2-a373ac31f492', name='test44', keywords='just test-319fb66de8294dadbaf1483f5c78345f', description='null', sn='sn-333'}
2018-05-30 17:23:36.807 INFO  com.jf.mydemo.mySolrDemo.solrUtil.SolrIndexUtils 39 addIndexs -- Start adding solr index for Product{id='2582b351-1b07-408c-8684-5e56c20b8d0c', name='test45', keywords='just test-aa6c0dd9cc0f409a86e292e11bcc9d32', description='null', sn='sn-333'}
2018-05-30 17:23:36.808 INFO  com.jf.mydemo.mySolrDemo.solrUtil.SolrIndexUtils 39 addIndexs -- Start adding solr index for Product{id='c75e1014-359f-4995-8f9f-9025b76e84b4', name='test46', keywords='just test-0adfca01536f45c2818e007b9757ed15', description='null', sn='sn-333'}
2018-05-30 17:23:36.808 INFO  com.jf.mydemo.mySolrDemo.solrUtil.SolrIndexUtils 39 addIndexs -- Start adding solr index for Product{id='8ed9d65d-fc9a-4ed5-8da9-758a43346b57', name='test47', keywords='just test-3187295094a74cdb85367a2560b95e23', description='null', sn='sn-333'}
2018-05-30 17:23:36.808 INFO  com.jf.mydemo.mySolrDemo.solrUtil.SolrIndexUtils 39 addIndexs -- Start adding solr index for Product{id='426aa16a-7cf2-4ca5-b11e-0a8255d771df', name='test48', keywords='just test-53766effede94c8ea394ce9db65daadb', description='null', sn='sn-333'}
2018-05-30 17:23:36.808 INFO  com.jf.mydemo.mySolrDemo.solrUtil.SolrIndexUtils 39 addIndexs -- Start adding solr index for Product{id='cd67926b-2af8-41d4-a598-3c65041e8b9a', name='test49', keywords='just test-966172f327b941f38699d402825e2dd0', description='null', sn='sn-333'}
2018-05-30 17:23:36.808 INFO  com.jf.mydemo.mySolrDemo.solrUtil.SolrIndexUtils 48 addIndexs -- Begin commit 50 records
2018-05-30 17:23:37.305 INFO  com.jf.mydemo.mySolrDemo.solrUtil.SolrIndexUtils 52 addIndexs -- End commit 50 records
2018-05-30 17:23:37.306 INFO  com.jf.mydemo.mySolrDemo.solrUtil.SolrIndexUtils 39 addIndexs -- Start adding solr index for Product{id='bb504b2c-c8c3-4872-8828-04456638dbab', name='test50', keywords='just test-61cfdf43ae434881ba3223f355730d37', description='null', sn='sn-333'}
2018-05-30 17:23:37.306 INFO  com.jf.mydemo.mySolrDemo.solrUtil.SolrIndexUtils 39 addIndexs -- Start adding solr index for Product{id='b97f80bd-4681-4204-8a8e-2f7a92ccb68b', name='test51', keywords='just test-cf497575a1824bd49f6bd957167b9ffb', description='null', sn='sn-333'}
2018-05-30 17:23:37.306 INFO  com.jf.mydemo.mySolrDemo.solrUtil.SolrIndexUtils 39 addIndexs -- Start adding solr index for Product{id='27bce93d-7ae0-47a1-b1bd-20611caaf325', name='test52', keywords='just test-216113c719c443d7865412b6681fded3', description='null', sn='sn-333'}
2018-05-30 17:23:37.306 INFO  com.jf.mydemo.mySolrDemo.solrUtil.SolrIndexUtils 39 addIndexs -- Start adding solr index for Product{id='9a5a3ab2-d447-417e-b0c5-558e794f1209', name='test53', keywords='just test-19c10ee5191a4a0090f2c80fbadc17c0', description='null', sn='sn-333'}
2018-05-30 17:23:37.306 INFO  com.jf.mydemo.mySolrDemo.solrUtil.SolrIndexUtils 39 addIndexs -- Start adding solr index for Product{id='4ee12d17-8c38-456a-b3e3-ab47970af284', name='test54', keywords='just test-92b3232e661c45d59698543f9e69f283', description='null', sn='sn-333'}
2018-05-30 17:23:37.307 INFO  com.jf.mydemo.mySolrDemo.solrUtil.SolrIndexUtils 39 addIndexs -- Start adding solr index for Product{id='ab4b9e7f-7f79-44ce-9220-7eeda6ce11e5', name='test55', keywords='just test-1526904d9c304de1b2e7ec66d52c5889', description='null', sn='sn-333'}
2018-05-30 17:23:37.307 INFO  com.jf.mydemo.mySolrDemo.solrUtil.SolrIndexUtils 39 addIndexs -- Start adding solr index for Product{id='d2a45408-75ec-47d0-bb5e-8ef0652048b9', name='test56', keywords='just test-15bea7daf09544279c86bca35efac27e', description='null', sn='sn-333'}
2018-05-30 17:23:37.307 INFO  com.jf.mydemo.mySolrDemo.solrUtil.SolrIndexUtils 39 addIndexs -- Start adding solr index for Product{id='9faa21f0-7bb5-438c-aecd-bb1736669905', name='test57', keywords='just test-919ce04d5bdb4367811d9bc74abd4f1d', description='null', sn='sn-333'}
2018-05-30 17:23:37.307 INFO  com.jf.mydemo.mySolrDemo.solrUtil.SolrIndexUtils 39 addIndexs -- Start adding solr index for Product{id='f71f5488-5e8d-49b0-9a89-0e09282f8602', name='test58', keywords='just test-b8b02d4d8f0b46bd96d4b1a5c26b785e', description='null', sn='sn-333'}
2018-05-30 17:23:37.307 INFO  com.jf.mydemo.mySolrDemo.solrUtil.SolrIndexUtils 39 addIndexs -- Start adding solr index for Product{id='66eca38f-4505-47c9-bc7e-1e5ad24db261', name='test59', keywords='just test-d3e5da9a29d341de98f0bf1e0531668a', description='null', sn='sn-333'}
2018-05-30 17:23:37.307 INFO  com.jf.mydemo.mySolrDemo.solrUtil.SolrIndexUtils 39 addIndexs -- Start adding solr index for Product{id='80b25af5-998c-4129-bd42-6b86233a21e5', name='test60', keywords='just test-291a9dc59d614907a1d490bbee32bca5', description='null', sn='sn-333'}
2018-05-30 17:23:37.308 INFO  com.jf.mydemo.mySolrDemo.solrUtil.SolrIndexUtils 39 addIndexs -- Start adding solr index for Product{id='07ea3993-ab6f-4e9e-86fd-bf55ba9e209c', name='test61', keywords='just test-18165c802dd34e0e9378ca96f4220635', description='null', sn='sn-333'}
2018-05-30 17:23:37.308 INFO  com.jf.mydemo.mySolrDemo.solrUtil.SolrIndexUtils 39 addIndexs -- Start adding solr index for Product{id='bc6479e2-577c-405d-9747-9646a2fbba78', name='test62', keywords='just test-e9e23cc4ffe741f8b6ca4a4b95c4b9c0', description='null', sn='sn-333'}
2018-05-30 17:23:37.308 INFO  com.jf.mydemo.mySolrDemo.solrUtil.SolrIndexUtils 39 addIndexs -- Start adding solr index for Product{id='b29471ac-c41f-40cc-9579-7eb162c484df', name='test63', keywords='just test-81506317b13644cbbd0a3316f89aded3', description='null', sn='sn-333'}
2018-05-30 17:23:37.308 INFO  com.jf.mydemo.mySolrDemo.solrUtil.SolrIndexUtils 39 addIndexs -- Start adding solr index for Product{id='735da3f1-874e-4eb3-855a-b677257a03a3', name='test64', keywords='just test-087602f1c8ec41acbe0b76606377f020', description='null', sn='sn-333'}
2018-05-30 17:23:37.308 INFO  com.jf.mydemo.mySolrDemo.solrUtil.SolrIndexUtils 39 addIndexs -- Start adding solr index for Product{id='e551bcf2-10d5-457d-9187-11544de37cec', name='test65', keywords='just test-62786038e96a43ed85086b21dd88a9cc', description='null', sn='sn-333'}
2018-05-30 17:23:37.309 INFO  com.jf.mydemo.mySolrDemo.solrUtil.SolrIndexUtils 39 addIndexs -- Start adding solr index for Product{id='c5133b41-a66a-488d-a8ab-b70a2e923753', name='test66', keywords='just test-7ce6179f89ec4c36bc4fcd39b94a9e3b', description='null', sn='sn-333'}
2018-05-30 17:23:37.309 INFO  com.jf.mydemo.mySolrDemo.solrUtil.SolrIndexUtils 39 addIndexs -- Start adding solr index for Product{id='ec21dd4b-b864-4121-af96-8a149e6388a7', name='test67', keywords='just test-0f6859adab4c44f899a5bce11ebffecc', description='null', sn='sn-333'}
2018-05-30 17:23:37.309 INFO  com.jf.mydemo.mySolrDemo.solrUtil.SolrIndexUtils 39 addIndexs -- Start adding solr index for Product{id='fd55baf2-96ed-44f5-b17e-28e9c120c26f', name='test68', keywords='just test-6311e6788c4f4cd7969aabdc6c048477', description='null', sn='sn-333'}
2018-05-30 17:23:37.309 INFO  com.jf.mydemo.mySolrDemo.solrUtil.SolrIndexUtils 39 addIndexs -- Start adding solr index for Product{id='6c997c8a-0bc6-4991-b038-a22117f8484f', name='test69', keywords='just test-9a60b439b60547e8a6c325b01cd100bf', description='null', sn='sn-333'}
2018-05-30 17:23:37.309 INFO  com.jf.mydemo.mySolrDemo.solrUtil.SolrIndexUtils 39 addIndexs -- Start adding solr index for Product{id='0e3782f0-9fb0-4ebe-bf8a-d984802219a7', name='test70', keywords='just test-7fd7d1ed550144438bef1fb2e7a216d2', description='null', sn='sn-333'}
2018-05-30 17:23:37.309 INFO  com.jf.mydemo.mySolrDemo.solrUtil.SolrIndexUtils 39 addIndexs -- Start adding solr index for Product{id='d6cc2f2e-a665-4b0e-94f2-fdd971b6e722', name='test71', keywords='just test-4e9f52e9b9d54301a05b2cee00fa1897', description='null', sn='sn-333'}
2018-05-30 17:23:37.309 INFO  com.jf.mydemo.mySolrDemo.solrUtil.SolrIndexUtils 39 addIndexs -- Start adding solr index for Product{id='1065274e-94a2-42c8-a586-3b049831b157', name='test72', keywords='just test-c0b627d4716e439e9c137e5825dd19a6', description='null', sn='sn-333'}
2018-05-30 17:23:37.309 INFO  com.jf.mydemo.mySolrDemo.solrUtil.SolrIndexUtils 39 addIndexs -- Start adding solr index for Product{id='7be26652-dca5-4770-9df6-ffdf4833c938', name='test73', keywords='just test-c2a97ba5d7f34689b9caa4d98eeff2d8', description='null', sn='sn-333'}
2018-05-30 17:23:37.310 INFO  com.jf.mydemo.mySolrDemo.solrUtil.SolrIndexUtils 39 addIndexs -- Start adding solr index for Product{id='63a43b6a-5b80-44a3-af00-b1d2da6dc4b5', name='test74', keywords='just test-0c8041cdcc9145f4aa704ef6e1566152', description='null', sn='sn-333'}
2018-05-30 17:23:37.310 INFO  com.jf.mydemo.mySolrDemo.solrUtil.SolrIndexUtils 39 addIndexs -- Start adding solr index for Product{id='804939c7-b18c-4720-907b-f9f1fd8665e2', name='test75', keywords='just test-b8883f2e07a9490ca07733fd3dd5e418', description='null', sn='sn-333'}
2018-05-30 17:23:37.310 INFO  com.jf.mydemo.mySolrDemo.solrUtil.SolrIndexUtils 39 addIndexs -- Start adding solr index for Product{id='38893e1e-f6df-4a1f-8480-b089d4796ae6', name='test76', keywords='just test-bd6df329cb48419b9db5a96797076618', description='null', sn='sn-333'}
2018-05-30 17:23:37.310 INFO  com.jf.mydemo.mySolrDemo.solrUtil.SolrIndexUtils 39 addIndexs -- Start adding solr index for Product{id='cac3f077-9b90-4735-8def-c92efbde80f6', name='test77', keywords='just test-288746f7891f4646b1755f07147448fb', description='null', sn='sn-333'}
2018-05-30 17:23:37.310 INFO  com.jf.mydemo.mySolrDemo.solrUtil.SolrIndexUtils 39 addIndexs -- Start adding solr index for Product{id='c5a10a17-7c3b-4889-8350-41743009906e', name='test78', keywords='just test-7710b0c1ef6d4f3f99c7dfaa66fd7a5d', description='null', sn='sn-333'}
2018-05-30 17:23:37.310 INFO  com.jf.mydemo.mySolrDemo.solrUtil.SolrIndexUtils 39 addIndexs -- Start adding solr index for Product{id='2535acf1-bd98-4a76-9c8b-9559de8d36f1', name='test79', keywords='just test-49d53e07f2fa4a62a0cf6af77ab88bf4', description='null', sn='sn-333'}
2018-05-30 17:23:37.311 INFO  com.jf.mydemo.mySolrDemo.solrUtil.SolrIndexUtils 39 addIndexs -- Start adding solr index for Product{id='685735d4-9f8b-496d-9b0a-80c2e260ab7b', name='test80', keywords='just test-09dd269bbb1349a18d8405a33e55fabf', description='null', sn='sn-333'}
2018-05-30 17:23:37.311 INFO  com.jf.mydemo.mySolrDemo.solrUtil.SolrIndexUtils 39 addIndexs -- Start adding solr index for Product{id='cdd2a3e0-9d5f-48b4-b8a3-4f0fe4304a17', name='test81', keywords='just test-bc2eccbd10f4437eb96d419d636500e9', description='null', sn='sn-333'}
2018-05-30 17:23:37.311 INFO  com.jf.mydemo.mySolrDemo.solrUtil.SolrIndexUtils 39 addIndexs -- Start adding solr index for Product{id='dc1e00c1-5455-472e-9419-c674a54ca2af', name='test82', keywords='just test-1798ec890aef4b63b51bafa5384c6775', description='null', sn='sn-333'}
2018-05-30 17:23:37.311 INFO  com.jf.mydemo.mySolrDemo.solrUtil.SolrIndexUtils 39 addIndexs -- Start adding solr index for Product{id='6c5b326c-a0fb-4834-b001-726448ff19db', name='test83', keywords='just test-c6a02604a1bb49adbb78702dc96652ce', description='null', sn='sn-333'}
2018-05-30 17:23:37.311 INFO  com.jf.mydemo.mySolrDemo.solrUtil.SolrIndexUtils 39 addIndexs -- Start adding solr index for Product{id='880bd1d3-b6d9-450d-b6ad-60269ab2cb45', name='test84', keywords='just test-664c69ec6ffb4b479652129ec4985467', description='null', sn='sn-333'}
2018-05-30 17:23:37.311 INFO  com.jf.mydemo.mySolrDemo.solrUtil.SolrIndexUtils 39 addIndexs -- Start adding solr index for Product{id='f5d6a2e8-4995-421f-9469-9c6b5011a2ca', name='test85', keywords='just test-6ab9b27b352d44328e4deafa113e7e77', description='null', sn='sn-333'}
2018-05-30 17:23:37.311 INFO  com.jf.mydemo.mySolrDemo.solrUtil.SolrIndexUtils 39 addIndexs -- Start adding solr index for Product{id='6cee3f07-d398-4ff6-a264-83937e083a7b', name='test86', keywords='just test-15ccb4d2634e449a9f4dd82efc9a25fc', description='null', sn='sn-333'}
2018-05-30 17:23:37.312 INFO  com.jf.mydemo.mySolrDemo.solrUtil.SolrIndexUtils 39 addIndexs -- Start adding solr index for Product{id='c78f1bb7-73bb-43c9-ba6f-f1ade41bc9f1', name='test87', keywords='just test-c521cc88f9d44728a21893de47342671', description='null', sn='sn-333'}
2018-05-30 17:23:37.312 INFO  com.jf.mydemo.mySolrDemo.solrUtil.SolrIndexUtils 39 addIndexs -- Start adding solr index for Product{id='25d6e014-2862-461a-b880-e8cffa5f2e34', name='test88', keywords='just test-907b44cc2e7749d88bbc2102e87eb85c', description='null', sn='sn-333'}
2018-05-30 17:23:37.312 INFO  com.jf.mydemo.mySolrDemo.solrUtil.SolrIndexUtils 39 addIndexs -- Start adding solr index for Product{id='191dfb48-47cd-4920-ab73-c3eb68dff10f', name='test89', keywords='just test-78853ecd27e641508cc8491107fe0ba5', description='null', sn='sn-333'}
2018-05-30 17:23:37.312 INFO  com.jf.mydemo.mySolrDemo.solrUtil.SolrIndexUtils 39 addIndexs -- Start adding solr index for Product{id='06e90ac7-444e-4b20-a426-660df1987945', name='test90', keywords='just test-74f2447a008d43038332fdfa5663acaa', description='null', sn='sn-333'}
2018-05-30 17:23:37.312 INFO  com.jf.mydemo.mySolrDemo.solrUtil.SolrIndexUtils 39 addIndexs -- Start adding solr index for Product{id='c24eeb88-83ba-456e-86da-6fae92e17ebd', name='test91', keywords='just test-ff1dc51d208e4bba8cc68e0c4fb132b6', description='null', sn='sn-333'}
2018-05-30 17:23:37.312 INFO  com.jf.mydemo.mySolrDemo.solrUtil.SolrIndexUtils 39 addIndexs -- Start adding solr index for Product{id='3e8f96fc-3d9f-4d6d-877a-e8a2490ea44a', name='test92', keywords='just test-33bd56899b92460e91ab7945e45f066a', description='null', sn='sn-333'}
2018-05-30 17:23:37.312 INFO  com.jf.mydemo.mySolrDemo.solrUtil.SolrIndexUtils 39 addIndexs -- Start adding solr index for Product{id='b716aaa7-33ba-467d-a6f5-4ba314a86d8e', name='test93', keywords='just test-7788ebb629d24fbf87fd44d342026bf2', description='null', sn='sn-333'}
2018-05-30 17:23:37.313 INFO  com.jf.mydemo.mySolrDemo.solrUtil.SolrIndexUtils 39 addIndexs -- Start adding solr index for Product{id='1fefdce6-94bc-4b5d-a98f-88374cf48e97', name='test94', keywords='just test-601ee2d98be14c12b9c35e512186b8b3', description='null', sn='sn-333'}
2018-05-30 17:23:37.313 INFO  com.jf.mydemo.mySolrDemo.solrUtil.SolrIndexUtils 39 addIndexs -- Start adding solr index for Product{id='4e4ca033-fcfb-45a9-b93a-bf9d9d1d186e', name='test95', keywords='just test-58bb81f1206947cab31411fa1b687b72', description='null', sn='sn-333'}
2018-05-30 17:23:37.313 INFO  com.jf.mydemo.mySolrDemo.solrUtil.SolrIndexUtils 39 addIndexs -- Start adding solr index for Product{id='66adea63-6d56-46af-bd7c-0e4b47488db7', name='test96', keywords='just test-5564e62a75f946f98eb81cf79c8f8659', description='null', sn='sn-333'}
2018-05-30 17:23:37.313 INFO  com.jf.mydemo.mySolrDemo.solrUtil.SolrIndexUtils 39 addIndexs -- Start adding solr index for Product{id='f77892dd-77e7-4c6f-9eb8-3a6342b1d499', name='test97', keywords='just test-c4c7a776017f489da3934a84bdb466ad', description='null', sn='sn-333'}
2018-05-30 17:23:37.313 INFO  com.jf.mydemo.mySolrDemo.solrUtil.SolrIndexUtils 39 addIndexs -- Start adding solr index for Product{id='f0e334aa-04c6-4b8e-ba83-c0d738900cd5', name='test98', keywords='just test-c1035031a7d1436eb82e0847209e1355', description='null', sn='sn-333'}
2018-05-30 17:23:37.314 INFO  com.jf.mydemo.mySolrDemo.solrUtil.SolrIndexUtils 39 addIndexs -- Start adding solr index for Product{id='87fd43a5-e181-4a2f-b49e-15cb0a69e362', name='test99', keywords='just test-a343864f2f0142c1a185407623c7fef5', description='null', sn='sn-333'}
2018-05-30 17:23:37.314 INFO  com.jf.mydemo.mySolrDemo.solrUtil.SolrIndexUtils 48 addIndexs -- Begin commit 100 records
2018-05-30 17:23:37.648 INFO  com.jf.mydemo.mySolrDemo.solrUtil.SolrIndexUtils 52 addIndexs -- End commit 100 records
